<?xml version="1.0" encoding="UTF-8"?>
<!-- Generated by org.testng.reporters.JUnitXMLReporter -->
<testsuite ignored="0" hostname="VIJAYB-IN" failures="0" tests="5" name="Automation_Test" time="15.484" errors="0" timestamp="22 May 2021 15:41:11 GMT">
  <testcase classname="com.tests.LoginTest" name="Login_Test_TC1_2_3" time="1.76"/>
  <testcase classname="com.tests.LoginTest" name="Login_Test_TC8" time="0.622"/>
  <testcase classname="com.tests.LoginTest" name="Login_Test_TC4" time="0.797"/>
  <testcase classname="com.tests.LoginTest" name="Login_Test_TC9" time="0.187"/>
  <testcase classname="com.tests.LoginTest" name="Login_Test_TC16" time="0.625"/>
</testsuite> <!-- Automation_Test -->
