<?xml version="1.0" encoding="UTF-8" ?>
<testsuite tests="6" failures="0" name="com.tests.IndexTest" time="10.401" errors="0" skipped="0">
  <properties>
[...]
</properties>
  <testcase classname="com.tests.IndexTest" name="index_Test1" time="0.278"/>
  <testcase classname="com.tests.IndexTest" name="index_Test2" time="0.084"/>
  <testcase classname="com.tests.IndexTest" name="index_Test3" time="0.188"/>
  <testcase classname="com.tests.IndexTest" name="index_Test4" time="0.081"/>
  <testcase classname="com.tests.IndexTest" name="index_Test5" time="9.553"/>
  <testcase classname="com.tests.IndexTest" name="index_Test6" time="0.217"/>
</testsuite>